<?xml version="1.0" encoding="UTF-8"?>
<Site BuildName="Linux-cc"
	BuildStamp="20250310-0314-Experimental"
	Name="TheBeast"
	Generator="ctest-3.30.3"
	CompilerName=""
	CompilerVersion=""
	OSName="Linux"
	Hostname="TheBeast"
	OSRelease="6.11.0-19-generic"
	OSVersion="#19-Ubuntu SMP PREEMPT_DYNAMIC Wed Feb 12 21:43:43 UTC 2025"
	OSPlatform="x86_64"
	Is64Bits="1"
	VendorString="AuthenticAMD"
	VendorID="Advanced Micro Devices"
	FamilyID="25"
	ModelID="97"
	ProcessorCacheSize="1024"
	NumberOfLogicalCPU="32"
	NumberOfPhysicalCPU="16"
	TotalVirtualMemory="8191"
	TotalPhysicalMemory="30667"
	LogicalProcessorsPerPhysical="2"
	ProcessorClockFrequency="5398.3"
	>
	<Testing>
		<StartDateTime>Mar 09 23:14 EDT</StartDateTime>
		<StartTestTime>1741576472</StartTestTime>
		<TestList/>
		<EndDateTime>Mar 09 23:14 EDT</EndDateTime>
		<EndTestTime>1741576472</EndTestTime>
		<ElapsedMinutes>0</ElapsedMinutes>
	</Testing>
</Site>
