<?xml version="1.0" encoding="UTF-8"?>
<Site BuildName="Linux-cc"
	BuildStamp="20250221-0106-Experimental"
	Name="TheBeast"
	Generator="ctest-3.30.3"
	CompilerName=""
	CompilerVersion=""
	OSName="Linux"
	Hostname="TheBeast"
	OSRelease="6.11.0-14-generic"
	OSVersion="#15-Ubuntu SMP PREEMPT_DYNAMIC Fri Jan 10 23:48:25 UTC 2025"
	OSPlatform="x86_64"
	Is64Bits="1"
	VendorString="AuthenticAMD"
	VendorID="Advanced Micro Devices"
	FamilyID="25"
	ModelID="97"
	ProcessorCacheSize="1024"
	NumberOfLogicalCPU="32"
	NumberOfPhysicalCPU="16"
	TotalVirtualMemory="8191"
	TotalPhysicalMemory="30667"
	LogicalProcessorsPerPhysical="2"
	ProcessorClockFrequency="5314.43"
	>
	<Testing>
		<StartDateTime>Feb 21 13:57 EST</StartDateTime>
		<StartTestTime>1740164244</StartTestTime>
		<TestList/>
		<EndDateTime>Feb 21 13:57 EST</EndDateTime>
		<EndTestTime>1740164244</EndTestTime>
		<ElapsedMinutes>0</ElapsedMinutes>
	</Testing>
</Site>
