<?xml version="1.0" encoding="UTF-8"?>
<Site BuildName="Linux-cc"
	BuildStamp="20250225-0319-Experimental"
	Name="TheBeast"
	Generator="ctest-3.30.3"
	CompilerName=""
	CompilerVersion=""
	OSName="Linux"
	Hostname="TheBeast"
	OSRelease="6.11.0-18-generic"
	OSVersion="#18-Ubuntu SMP PREEMPT_DYNAMIC Fri Feb  7 22:34:25 UTC 2025"
	OSPlatform="x86_64"
	Is64Bits="1"
	VendorString="AuthenticAMD"
	VendorID="Advanced Micro Devices"
	FamilyID="25"
	ModelID="97"
	ProcessorCacheSize="1024"
	NumberOfLogicalCPU="32"
	NumberOfPhysicalCPU="16"
	TotalVirtualMemory="8191"
	TotalPhysicalMemory="30667"
	LogicalProcessorsPerPhysical="2"
	ProcessorClockFrequency="5384.9"
	>
	<Testing>
		<StartDateTime>Feb 24 22:39 EST</StartDateTime>
		<StartTestTime>1740454782</StartTestTime>
		<TestList/>
		<EndDateTime>Feb 24 22:39 EST</EndDateTime>
		<EndTestTime>1740454782</EndTestTime>
		<ElapsedMinutes>0</ElapsedMinutes>
	</Testing>
</Site>
