<?xml version="1.0" encoding="UTF-8"?>
<Site BuildName="Linux-cc"
	BuildStamp="20250424-0408-Experimental"
	Name="TheBeast"
	Generator="ctest-3.30.3"
	CompilerName=""
	CompilerVersion=""
	OSName="Linux"
	Hostname="TheBeast"
	OSRelease="6.11.0-21-generic"
	OSVersion="#21-Ubuntu SMP PREEMPT_DYNAMIC Wed Feb 19 16:50:40 UTC 2025"
	OSPlatform="x86_64"
	Is64Bits="1"
	VendorString="AuthenticAMD"
	VendorID="Advanced Micro Devices"
	FamilyID="25"
	ModelID="97"
	ProcessorCacheSize="1024"
	NumberOfLogicalCPU="32"
	NumberOfPhysicalCPU="16"
	TotalVirtualMemory="8191"
	TotalPhysicalMemory="30667"
	LogicalProcessorsPerPhysical="2"
	ProcessorClockFrequency="5348.6"
	>
	<Testing>
		<StartDateTime>Apr 24 00:08 EDT</StartDateTime>
		<StartTestTime>1745467720</StartTestTime>
		<TestList/>
		<EndDateTime>Apr 24 00:08 EDT</EndDateTime>
		<EndTestTime>1745467720</EndTestTime>
		<ElapsedMinutes>0</ElapsedMinutes>
	</Testing>
</Site>
