<?xml version="1.0" encoding="UTF-8"?>
<Site BuildName="Linux-cc"
	BuildStamp="20250516-0011-Experimental"
	Name="TheBeast"
	Generator="ctest-3.30.3"
	CompilerName=""
	CompilerVersion=""
	OSName="Linux"
	Hostname="TheBeast"
	OSRelease="6.11.0-25-generic"
	OSVersion="#25-Ubuntu SMP PREEMPT_DYNAMIC Fri Apr 11 23:29:18 UTC 2025"
	OSPlatform="x86_64"
	Is64Bits="1"
	VendorString="AuthenticAMD"
	VendorID="Advanced Micro Devices"
	FamilyID="25"
	ModelID="97"
	ProcessorCacheSize="1024"
	NumberOfLogicalCPU="32"
	NumberOfPhysicalCPU="16"
	TotalVirtualMemory="8191"
	TotalPhysicalMemory="30667"
	LogicalProcessorsPerPhysical="2"
	ProcessorClockFrequency="5450.15"
	>
	<Testing>
		<StartDateTime>May 16 19:34 EDT</StartDateTime>
		<StartTestTime>1747438479</StartTestTime>
		<TestList/>
		<EndDateTime>May 16 19:34 EDT</EndDateTime>
		<EndTestTime>1747438479</EndTestTime>
		<ElapsedMinutes>0</ElapsedMinutes>
	</Testing>
</Site>
