<?xml version="1.0" encoding="UTF-8"?>
<Site BuildName="Linux-cc"
	BuildStamp="20250505-0113-Experimental"
	Name="TheBeast"
	Generator="ctest-3.30.3"
	CompilerName=""
	CompilerVersion=""
	OSName="Linux"
	Hostname="TheBeast"
	OSRelease="6.11.0-24-generic"
	OSVersion="#24-Ubuntu SMP PREEMPT_DYNAMIC Fri Mar 14 18:13:56 UTC 2025"
	OSPlatform="x86_64"
	Is64Bits="1"
	VendorString="AuthenticAMD"
	VendorID="Advanced Micro Devices"
	FamilyID="25"
	ModelID="97"
	ProcessorCacheSize="1024"
	NumberOfLogicalCPU="32"
	NumberOfPhysicalCPU="16"
	TotalVirtualMemory="8191"
	TotalPhysicalMemory="30667"
	LogicalProcessorsPerPhysical="2"
	ProcessorClockFrequency="5280.37"
	>
	<Testing>
		<StartDateTime>May 04 21:13 EDT</StartDateTime>
		<StartTestTime>1746407632</StartTestTime>
		<TestList/>
		<EndDateTime>May 04 21:13 EDT</EndDateTime>
		<EndTestTime>1746407632</EndTestTime>
		<ElapsedMinutes>0</ElapsedMinutes>
	</Testing>
</Site>
